<?xml version="1.0" encoding="UTF-8"?>
<testsuite name="CalculatorUnitTest" tests="1" skipped="0" failures="0" errors="0" timestamp="2022-06-02T08:19:11" hostname="BG-VIVO" time="0.066">
  <properties/>
  <testcase name="addWhenTwoAndTwoShouldReturnFour()" classname="CalculatorUnitTest" time="0.066"/>
  <system-out><![CDATA[]]></system-out>
  <system-err><![CDATA[]]></system-err>
</testsuite>
